(.venv) trifu@Trifu-Debian:~/Projekte/ToddlerJukeBox_Python Version$ /home/trifu/Projekte/ZephyrOS/zephyrproject/.venv/bin/python "/home/trifu/Projekte/ToddlerJukeBox_Python Version/ToddlerJukeBox_Python/ToddlerJukeBox.py"
POS 1 - 0010935595
POS 2 - 0010859015
POS 2 - 0006806256
POS 2 - 0011006413
POS 2 - 0006804526
POS 2 - 0010840487
POS 2 - 0006810392
POS 2 - 0010940031
POS 2 - 0010916640
POS 2 - 0010935595
POS 3 - -L -Z "/home/nuc/Musik/JAZZ"
POS 2 - 0010858075
POS 2 - 0006828470
POS 2 - 0006816900
POS 2 - 0010850908
POS 2 - 0006817640
POS 2 - 0006805471
POS 2 - 0010979152
POS 2 - 0006809545
POS 2 - 0006829261
POS 2 - 0006814660
POS 2 - 0010921865
POS 2 - 0010905233
-- ENDE --
VLC media player 3.0.21 Vetinari (revision 3.0.21-0-gdd8bfdbabe8)
[000055dc2a48e610] dummy interface: using the dummy interface module...
POS 1 - 0010921865
-- ENDE --
POS 1 - 0010935595
-- ENDE --